<?xml version='1.0' encoding='UTF-8'?>
<testsuite hostname="Roshans-Laptop.local" name="week2.wednesday.TwoNumbersSpec" tests="5" errors="0" failures="1" skipped="0" time="0.01" timestamp="2024-07-10T12:06:03">
          <properties>
[...]
</properties>
          <testcase classname="week2.wednesday.TwoNumbersSpec" name="add should add numbers" time="0.006">
                      
                    </testcase><testcase classname="week2.wednesday.TwoNumbersSpec" name="subtractYFromX should subtract y from x" time="0.0">
                      
                    </testcase><testcase classname="week2.wednesday.TwoNumbersSpec" name="multiply should multiply two numbers" time="0.0">
                      
                    </testcase><testcase classname="week2.wednesday.TwoNumbersSpec" name="divideXFromY should divide X from Y" time="0.004">
                      <failure message="5 did not equal 2" type="org.scalatest.exceptions.TestFailedException">org.scalatest.exceptions.TestFailedException: 5 did not equal 2
	at org.scalatest.Assertions.newAssertionFailedException(Assertions.scala:530)
	at org.scalatest.Assertions.newAssertionFailedException$(Assertions.scala:529)
	at org.scalatest.FlatSpec.newAssertionFailedException(FlatSpec.scala:1685)
	at org.scalatest.Assertions$AssertionsHelper.macroAssert(Assertions.scala:503)
	at week2.wednesday.TwoNumbersSpec.$anonfun$new$4(TwoNumbersSpec.scala:23)
	at org.scalatest.OutcomeOf.outcomeOf(OutcomeOf.scala:85)
	at org.scalatest.OutcomeOf.outcomeOf$(OutcomeOf.scala:83)
	at org.scalatest.OutcomeOf$.outcomeOf(OutcomeOf.scala:104)
	at org.scalatest.Transformer.apply(Transformer.scala:22)
	at org.scalatest.Transformer.apply(Transformer.scala:20)
	at org.scalatest.FlatSpecLike$$anon$5.apply(FlatSpecLike.scala:1682)
	at org.scalatest.TestSuite.withFixture(TestSuite.scala:196)
	at org.scalatest.TestSuite.withFixture$(TestSuite.scala:195)
	at org.scalatest.FlatSpec.withFixture(FlatSpec.scala:1685)
	at org.scalatest.FlatSpecLike.invokeWithFixture$1(FlatSpecLike.scala:1680)
	at org.scalatest.FlatSpecLike.$anonfun$runTest$1(FlatSpecLike.scala:1692)
	at org.scalatest.SuperEngine.runTestImpl(Engine.scala:286)
	at org.scalatest.FlatSpecLike.runTest(FlatSpecLike.scala:1692)
	at org.scalatest.FlatSpecLike.runTest$(FlatSpecLike.scala:1674)
	at org.scalatest.FlatSpec.runTest(FlatSpec.scala:1685)
	at org.scalatest.FlatSpecLike.$anonfun$runTests$1(FlatSpecLike.scala:1750)
	at org.scalatest.SuperEngine.$anonfun$runTestsInBranch$1(Engine.scala:393)
	at scala.collection.immutable.List.foreach(List.scala:334)
	at org.scalatest.SuperEngine.traverseSubNodes$1(Engine.scala:381)
	at org.scalatest.SuperEngine.runTestsInBranch(Engine.scala:370)
	at org.scalatest.SuperEngine.$anonfun$runTestsInBranch$1(Engine.scala:407)
	at scala.collection.immutable.List.foreach(List.scala:334)
	at org.scalatest.SuperEngine.traverseSubNodes$1(Engine.scala:381)
	at org.scalatest.SuperEngine.runTestsInBranch(Engine.scala:376)
	at org.scalatest.SuperEngine.runTestsImpl(Engine.scala:458)
	at org.scalatest.FlatSpecLike.runTests(FlatSpecLike.scala:1750)
	at org.scalatest.FlatSpecLike.runTests$(FlatSpecLike.scala:1749)
	at org.scalatest.FlatSpec.runTests(FlatSpec.scala:1685)
	at org.scalatest.Suite.run(Suite.scala:1124)
	at org.scalatest.Suite.run$(Suite.scala:1106)
	at org.scalatest.FlatSpec.org$scalatest$FlatSpecLike$$super$run(FlatSpec.scala:1685)
	at org.scalatest.FlatSpecLike.$anonfun$run$1(FlatSpecLike.scala:1795)
	at org.scalatest.SuperEngine.runImpl(Engine.scala:518)
	at org.scalatest.FlatSpecLike.run(FlatSpecLike.scala:1795)
	at org.scalatest.FlatSpecLike.run$(FlatSpecLike.scala:1793)
	at org.scalatest.FlatSpec.run(FlatSpec.scala:1685)
	at org.scalatest.tools.Framework.org$scalatest$tools$Framework$$runSuite(Framework.scala:317)
	at org.scalatest.tools.Framework$ScalaTestTask.execute(Framework.scala:510)
	at sbt.TestRunner.runTest$1(TestFramework.scala:153)
	at sbt.TestRunner.run(TestFramework.scala:168)
	at sbt.TestFramework$$anon$3$$anonfun$$lessinit$greater$1.$anonfun$apply$1(TestFramework.scala:336)
	at sbt.TestFramework$.sbt$TestFramework$$withContextLoader(TestFramework.scala:296)
	at sbt.TestFramework$$anon$3$$anonfun$$lessinit$greater$1.apply(TestFramework.scala:336)
	at sbt.TestFramework$$anon$3$$anonfun$$lessinit$greater$1.apply(TestFramework.scala:336)
	at sbt.TestFunction.apply(TestFramework.scala:348)
	at sbt.Tests$.$anonfun$toTask$1(Tests.scala:436)
	at sbt.std.Transform$$anon$3.$anonfun$apply$2(Transform.scala:47)
	at sbt.std.Transform$$anon$4.work(Transform.scala:69)
	at sbt.Execute.$anonfun$submit$2(Execute.scala:283)
	at sbt.internal.util.ErrorHandling$.wideConvert(ErrorHandling.scala:24)
	at sbt.Execute.work(Execute.scala:292)
	at sbt.Execute.$anonfun$submit$1(Execute.scala:283)
	at sbt.ConcurrentRestrictions$$anon$4.$anonfun$submitValid$1(ConcurrentRestrictions.scala:265)
	at sbt.CompletionService$$anon$2.call(CompletionService.scala:65)
	at java.base/java.util.concurrent.FutureTask.run(FutureTask.java:264)
	at java.base/java.util.concurrent.Executors$RunnableAdapter.call(Executors.java:515)
	at java.base/java.util.concurrent.FutureTask.run(FutureTask.java:264)
	at java.base/java.util.concurrent.ThreadPoolExecutor.runWorker(ThreadPoolExecutor.java:1128)
	at java.base/java.util.concurrent.ThreadPoolExecutor$Worker.run(ThreadPoolExecutor.java:628)
	at java.base/java.lang.Thread.run(Thread.java:834)
</failure>
                    </testcase><testcase classname="week2.wednesday.TwoNumbersSpec" name="xIsAMultipleOfY should show x is whether a multiple of y" time="0.0">
                      
                    </testcase>
          <system-out><![CDATA[]]></system-out>
          <system-err><![CDATA[]]></system-err>
        </testsuite>